{"level":"info","message":{"email":"kucukyildizbatuhasnndddd@gmail.com","password":"123","username":"Batuhan"},"timestamp":"2023-06-21T07:15:34.098Z"}
{"level":"info","message":{"email":"kucukyildizbatuhasnndddde@gmail.com","password":"123","username":"Batuhan"},"timestamp":"2023-06-21T07:16:25.677Z"}
{"level":"info","message":{"email":"kucukyildizbatuhasnndddde@gmail.com","password":"123","username":"Batuhan"},"timestamp":"2023-06-21T07:59:27.637Z"}
{"level":"info","message":{},"timestamp":"2023-06-21T08:00:05.383Z"}
{"level":"info","message":{},"timestamp":"2023-06-21T08:01:21.117Z"}
{"level":"info","message":{},"timestamp":"2023-06-21T08:01:47.136Z"}
{"level":"info","message":{},"timestamp":"2023-06-21T08:05:25.538Z"}
{"level":"info","message":{},"timestamp":"2023-06-21T08:07:23.792Z"}
{"level":"info","message":{},"timestamp":"2023-06-21T08:07:46.361Z"}
{"level":"info","message":{},"timestamp":"2023-06-21T08:07:51.861Z"}
{"level":"info","message":{},"timestamp":"2023-06-21T08:10:34.200Z"}
{"level":"info","message":{},"timestamp":"2023-06-21T08:10:43.590Z"}
{"level":"info","message":{"username":"batuhan"},"timestamp":"2023-06-21T10:13:55.692Z"}
{"level":"info","message":{"username":"batuhan"},"timestamp":"2023-06-21T10:14:27.410Z"}
{"level":"info","message":{"username":"batuhan"},"timestamp":"2023-06-21T10:16:31.514Z"}
{"level":"info","message":{"username":"batuhan"},"timestamp":"2023-06-21T17:29:28.855Z"}
{"level":"info","message":{"username":"batuhan"},"timestamp":"2023-06-21T17:31:47.916Z"}
{"level":"info","message":{"username":"batuhan"},"timestamp":"2023-06-21T17:34:01.611Z"}
{"level":"info","message":{"username":"batuhan"},"timestamp":"2023-06-21T17:34:15.460Z"}
{"level":"info","message":{"username":"batuhan"},"timestamp":"2023-06-21T17:36:18.670Z"}
{"level":"info","message":{"username":"batuhan"},"timestamp":"2023-06-21T17:37:05.494Z"}
{"level":"info","message":{"username":"batuhan"},"timestamp":"2023-06-21T17:38:39.178Z"}
{"level":"info","message":{"username":"batuhan"},"timestamp":"2023-06-21T17:39:09.868Z"}
{"level":"info","message":{"username":"batuhan"},"timestamp":"2023-06-21T17:39:36.280Z"}
{"level":"info","message":{"username":"batuhan"},"timestamp":"2023-06-21T17:40:48.481Z"}
{"level":"info","message":{"email":"kucuk","password":"123","username":"batuhan"},"timestamp":"2023-06-21T17:41:17.629Z"}
{"level":"info","message":{"email":"kucuk","password":"123","username":"batuhan"},"timestamp":"2023-06-21T17:41:29.031Z"}
{"level":"info","message":{"email":"kucuk","password":"123","username":"batuhan"},"timestamp":"2023-06-21T17:41:32.459Z"}
{"level":"info","message":{"email":"kucuk","password":"123","username":"batuhan"},"timestamp":"2023-06-21T17:44:22.854Z"}
